
> vibe-generated-app@1.0.0 dev
> vite


  VITE v5.4.20  ready in 342 ms

  ➜  Local:   http://localhost:3000/
  ➜  Network: http://172.20.3.18:3000/
3:38:52 PM [vite] Pre-transform error: Transform failed with 1 error:
/home/workspace/src/App.jsx:93:23: ERROR: Expected ";" but found "n"
3:38:53 PM [vite] Internal server error: Transform failed with 1 error:
/home/workspace/src/App.jsx:93:23: ERROR: Expected ";" but found "n"
  Plugin: vite:esbuild
  File: /home/workspace/src/App.jsx:93:23
  
  Expected ";" but found "n"
  91 |    }, [messages, thinking])
  92 |  
  93 |    const send = async ()n  => {
     |                         ^
  94 |      if (!input.trim() || thinking) return
  95 |      const userMsg = { role: 'user', content: input.trim(), time: new Date().toLocaleTimeString() }
  
      at failureErrorWithLog (/home/workspace/node_modules/esbuild/lib/main.js:1472:15)
      at /home/workspace/node_modules/esbuild/lib/main.js:755:50
      at responseCallbacks.<computed> (/home/workspace/node_modules/esbuild/lib/main.js:622:9)
      at handleIncomingPacket (/home/workspace/node_modules/esbuild/lib/main.js:677:12)
      at Socket.readFromStdout (/home/workspace/node_modules/esbuild/lib/main.js:600:7)
      at Socket.emit (node:events:508:28)
      at addChunk (node:internal/streams/readable:559:12)
      at readableAddChunkPushByteMode (node:internal/streams/readable:510:3)
      at Readable.push (node:internal/streams/readable:390:5)
      at Pipe.onStreamRead (node:internal/stream_base_commons:189:23)
